<?xml version="1.0" encoding="UTF-8"?>
<testsuites name="TestDataBases" time="24.772" tests="3" failures="0" errors="0">
   <testsuite name="TestDataBases" tests="3" failures="0" errors="0" time="24.772" skipped="0" timestamp="2023-03-10 23:14:17" hostname="johan.neira - SWO5CD2116L2P" id="Test Suites/TestDataBases">
      <properties>
         <property name="deviceName" value=""/>
         <property name="devicePlatform" value=""/>
         <property name="logFolder" value="C:\\Users\\johan.neira\\git\\KatalonTestDemo\\Katalon\\Reports\\20230310_231405\\TestDataBases\\20230310_231405"/>
         <property name="logFiles" value="C:\\Users\\johan.neira\\git\\KatalonTestDemo\\Katalon\\Reports\\20230310_231405\\TestDataBases\\20230310_231405\\execution0.log"/>
         <property name="attachments" value="C:\\Users\\johan.neira\\git\\KatalonTestDemo\\Katalon\\Reports\\20230310_231405\\TestDataBases\\20230310_231405\\1678508064959.png, C:\\Users\\johan.neira\\git\\KatalonTestDemo\\Katalon\\Reports\\20230310_231405\\TestDataBases\\20230310_231405\\1678508072382.png, C:\\Users\\johan.neira\\git\\KatalonTestDemo\\Katalon\\Reports\\20230310_231405\\TestDataBases\\20230310_231405\\1678508079776.png"/>
         <property name="hostName" value="johan.neira - SWO5CD2116L2P"/>
         <property name="os" value="Windows 10 64bit"/>
         <property name="katalonVersion" value="8.5.5.208"/>
         <property name="dbServerInfo" value="Microsoft SQL Server 12.00.6024"/>
         <property name="browser" value="Chrome 110.0.0.0"/>
         <property name="hostAddress" value="192.168.5.105"/>
         <property name="sessionId" value="2d85b664188b8225dfc37d040ecb63d7"/>
         <property name="seleniumVersion" value="3.141.59"/>
         <property name="proxyInformation" value="ProxyInformation { proxyOption=NO_PROXY, proxyServerType=HTTP, username=, password=********, proxyServerAddress=, proxyServerPort=0, executionList=&quot;&quot;, isApplyToDesiredCapabilities=true }"/>
         <property name="platform" value="Windows 10"/>
      </properties>
      <testcase name="Test Cases/TestDataBases" time="9.524" classname="Test Cases/TestDataBases" status="PASSED">
         <system-out><![CDATA[2023-03-10 23:14:17 - [TEST_CASE][PASSED] - Test Cases/TestDataBases: Test Cases/TestDataBases

2023-03-10 23:14:17 - [TEST_STEP][PASSED] - openBrowser(""): Browser is opened with url: ''

2023-03-10 23:14:18 - [MESSAGE][INFO] - Starting 'Chrome' driver

2023-03-10 23:14:18 - [MESSAGE][INFO] - Action delay is set to 0 milliseconds

2023-03-10 23:14:20 - [MESSAGE][PASSED] - Browser is opened with url: ''

2023-03-10 23:14:20 - [TEST_STEP][PASSED] - navigateToUrl("https://katalon-demo-cura.herokuapp.com/"): Navigate to 'https://katalon-demo-cura.herokuapp.com/' successfully

2023-03-10 23:14:22 - [MESSAGE][PASSED] - Navigate to 'https://katalon-demo-cura.herokuapp.com/' successfully

2023-03-10 23:14:22 - [TEST_STEP][PASSED] - click(findTestObject("Object Repository/Page_CURA Healthcare Service/i_CURA Healthcare_fa fa-bars")): Object: 'Object Repository/Page_CURA Healthcare Service/i_CURA Healthcare_fa fa-bars' is clicked on

2023-03-10 23:14:22 - [MESSAGE][PASSED] - Object: 'Object Repository/Page_CURA Healthcare Service/i_CURA Healthcare_fa fa-bars' is clicked on

2023-03-10 23:14:22 - [TEST_STEP][PASSED] - click(findTestObject("Object Repository/Page_CURA Healthcare Service/a_Login")): Object: 'Object Repository/Page_CURA Healthcare Service/a_Login' is clicked on

2023-03-10 23:14:23 - [MESSAGE][PASSED] - Object: 'Object Repository/Page_CURA Healthcare Service/a_Login' is clicked on

2023-03-10 23:14:23 - [TEST_STEP][PASSED] - setText(findTestObject("Object Repository/Page_CURA Healthcare Service/input_Username_username"), User): Text 'NOMBRELARGO' is set on object 'Object Repository/Page_CURA Healthcare Service/input_Username_username'

2023-03-10 23:14:23 - [MESSAGE][PASSED] - Text 'NOMBRELARGO' is set on object 'Object Repository/Page_CURA Healthcare Service/input_Username_username'

2023-03-10 23:14:24 - [TEST_STEP][PASSED] - setText(findTestObject("Object Repository/Page_CURA Healthcare Service/input_Password_password"), Psw): Text '123456' is set on object 'Object Repository/Page_CURA Healthcare Service/input_Password_password'

2023-03-10 23:14:24 - [MESSAGE][PASSED] - Text '123456' is set on object 'Object Repository/Page_CURA Healthcare Service/input_Password_password'

2023-03-10 23:14:24 - [TEST_STEP][PASSED] - takeScreenshot(): Taking screenshot successfully

2023-03-10 23:14:25 - [MESSAGE][PASSED] - Taking screenshot successfully
[[ATTACHMENT|C:\\Users\\johan.neira\\git\\KatalonTestDemo\\Katalon\\Reports\\20230310_231405\\TestDataBases\\20230310_231405\\1678508064959.png]]

2023-03-10 23:14:25 - [TEST_STEP][PASSED] - click(findTestObject("Object Repository/Page_CURA Healthcare Service/button_Login")): Object: 'Object Repository/Page_CURA Healthcare Service/button_Login' is clicked on

2023-03-10 23:14:25 - [MESSAGE][PASSED] - Object: 'Object Repository/Page_CURA Healthcare Service/button_Login' is clicked on

2023-03-10 23:14:25 - [TEST_STEP][PASSED] - closeBrowser(): Browser is closed

2023-03-10 23:14:26 - [MESSAGE][PASSED] - Browser is closed]]></system-out>
         <system-err><![CDATA[]]></system-err>
      </testcase>
      <testcase name="Test Cases/TestDataBases" time="7.438" classname="Test Cases/TestDataBases" status="PASSED">
         <system-out><![CDATA[2023-03-10 23:14:26 - [TEST_CASE][PASSED] - Test Cases/TestDataBases: Test Cases/TestDataBases

2023-03-10 23:14:26 - [TEST_STEP][PASSED] - openBrowser(""): Browser is opened with url: ''

2023-03-10 23:14:26 - [MESSAGE][INFO] - Starting 'Chrome' driver

2023-03-10 23:14:26 - [MESSAGE][INFO] - Action delay is set to 0 milliseconds

2023-03-10 23:14:28 - [MESSAGE][PASSED] - Browser is opened with url: ''

2023-03-10 23:14:28 - [TEST_STEP][PASSED] - navigateToUrl("https://katalon-demo-cura.herokuapp.com/"): Navigate to 'https://katalon-demo-cura.herokuapp.com/' successfully

2023-03-10 23:14:29 - [MESSAGE][PASSED] - Navigate to 'https://katalon-demo-cura.herokuapp.com/' successfully

2023-03-10 23:14:29 - [TEST_STEP][PASSED] - click(findTestObject("Object Repository/Page_CURA Healthcare Service/i_CURA Healthcare_fa fa-bars")): Object: 'Object Repository/Page_CURA Healthcare Service/i_CURA Healthcare_fa fa-bars' is clicked on

2023-03-10 23:14:29 - [MESSAGE][PASSED] - Object: 'Object Repository/Page_CURA Healthcare Service/i_CURA Healthcare_fa fa-bars' is clicked on

2023-03-10 23:14:29 - [TEST_STEP][PASSED] - click(findTestObject("Object Repository/Page_CURA Healthcare Service/a_Login")): Object: 'Object Repository/Page_CURA Healthcare Service/a_Login' is clicked on

2023-03-10 23:14:30 - [MESSAGE][PASSED] - Object: 'Object Repository/Page_CURA Healthcare Service/a_Login' is clicked on

2023-03-10 23:14:30 - [TEST_STEP][PASSED] - setText(findTestObject("Object Repository/Page_CURA Healthcare Service/input_Username_username"), User): Text 'CRISTIAN' is set on object 'Object Repository/Page_CURA Healthcare Service/input_Username_username'

2023-03-10 23:14:31 - [MESSAGE][PASSED] - Text 'CRISTIAN' is set on object 'Object Repository/Page_CURA Healthcare Service/input_Username_username'

2023-03-10 23:14:31 - [TEST_STEP][PASSED] - setText(findTestObject("Object Repository/Page_CURA Healthcare Service/input_Password_password"), Psw): Text '1015414549' is set on object 'Object Repository/Page_CURA Healthcare Service/input_Password_password'

2023-03-10 23:14:32 - [MESSAGE][PASSED] - Text '1015414549' is set on object 'Object Repository/Page_CURA Healthcare Service/input_Password_password'

2023-03-10 23:14:32 - [TEST_STEP][PASSED] - takeScreenshot(): Taking screenshot successfully

2023-03-10 23:14:32 - [MESSAGE][PASSED] - Taking screenshot successfully
[[ATTACHMENT|C:\\Users\\johan.neira\\git\\KatalonTestDemo\\Katalon\\Reports\\20230310_231405\\TestDataBases\\20230310_231405\\1678508072382.png]]

2023-03-10 23:14:32 - [TEST_STEP][PASSED] - click(findTestObject("Object Repository/Page_CURA Healthcare Service/button_Login")): Object: 'Object Repository/Page_CURA Healthcare Service/button_Login' is clicked on

2023-03-10 23:14:33 - [MESSAGE][PASSED] - Object: 'Object Repository/Page_CURA Healthcare Service/button_Login' is clicked on

2023-03-10 23:14:33 - [TEST_STEP][PASSED] - closeBrowser(): Browser is closed

2023-03-10 23:14:34 - [MESSAGE][PASSED] - Browser is closed]]></system-out>
         <system-err><![CDATA[]]></system-err>
      </testcase>
      <testcase name="Test Cases/TestDataBases" time="7.375" classname="Test Cases/TestDataBases" status="PASSED">
         <system-out><![CDATA[2023-03-10 23:14:34 - [TEST_CASE][PASSED] - Test Cases/TestDataBases: Test Cases/TestDataBases

2023-03-10 23:14:34 - [TEST_STEP][PASSED] - openBrowser(""): Browser is opened with url: ''

2023-03-10 23:14:34 - [MESSAGE][INFO] - Starting 'Chrome' driver

2023-03-10 23:14:34 - [MESSAGE][INFO] - Action delay is set to 0 milliseconds

2023-03-10 23:14:35 - [MESSAGE][PASSED] - Browser is opened with url: ''

2023-03-10 23:14:35 - [TEST_STEP][PASSED] - navigateToUrl("https://katalon-demo-cura.herokuapp.com/"): Navigate to 'https://katalon-demo-cura.herokuapp.com/' successfully

2023-03-10 23:14:37 - [MESSAGE][PASSED] - Navigate to 'https://katalon-demo-cura.herokuapp.com/' successfully

2023-03-10 23:14:37 - [TEST_STEP][PASSED] - click(findTestObject("Object Repository/Page_CURA Healthcare Service/i_CURA Healthcare_fa fa-bars")): Object: 'Object Repository/Page_CURA Healthcare Service/i_CURA Healthcare_fa fa-bars' is clicked on

2023-03-10 23:14:37 - [MESSAGE][PASSED] - Object: 'Object Repository/Page_CURA Healthcare Service/i_CURA Healthcare_fa fa-bars' is clicked on

2023-03-10 23:14:37 - [TEST_STEP][PASSED] - click(findTestObject("Object Repository/Page_CURA Healthcare Service/a_Login")): Object: 'Object Repository/Page_CURA Healthcare Service/a_Login' is clicked on

2023-03-10 23:14:38 - [MESSAGE][PASSED] - Object: 'Object Repository/Page_CURA Healthcare Service/a_Login' is clicked on

2023-03-10 23:14:38 - [TEST_STEP][PASSED] - setText(findTestObject("Object Repository/Page_CURA Healthcare Service/input_Username_username"), User): Text 'WERNEY' is set on object 'Object Repository/Page_CURA Healthcare Service/input_Username_username'

2023-03-10 23:14:38 - [MESSAGE][PASSED] - Text 'WERNEY' is set on object 'Object Repository/Page_CURA Healthcare Service/input_Username_username'

2023-03-10 23:14:38 - [TEST_STEP][PASSED] - setText(findTestObject("Object Repository/Page_CURA Healthcare Service/input_Password_password"), Psw): Text '89337102' is set on object 'Object Repository/Page_CURA Healthcare Service/input_Password_password'

2023-03-10 23:14:39 - [MESSAGE][PASSED] - Text '89337102' is set on object 'Object Repository/Page_CURA Healthcare Service/input_Password_password'

2023-03-10 23:14:39 - [TEST_STEP][PASSED] - takeScreenshot(): Taking screenshot successfully

2023-03-10 23:14:39 - [MESSAGE][PASSED] - Taking screenshot successfully
[[ATTACHMENT|C:\\Users\\johan.neira\\git\\KatalonTestDemo\\Katalon\\Reports\\20230310_231405\\TestDataBases\\20230310_231405\\1678508079776.png]]

2023-03-10 23:14:39 - [TEST_STEP][PASSED] - click(findTestObject("Object Repository/Page_CURA Healthcare Service/button_Login")): Object: 'Object Repository/Page_CURA Healthcare Service/button_Login' is clicked on

2023-03-10 23:14:40 - [MESSAGE][PASSED] - Object: 'Object Repository/Page_CURA Healthcare Service/button_Login' is clicked on

2023-03-10 23:14:40 - [TEST_STEP][PASSED] - closeBrowser(): Browser is closed

2023-03-10 23:14:41 - [MESSAGE][PASSED] - Browser is closed]]></system-out>
         <system-err><![CDATA[]]></system-err>
      </testcase>
      <system-out><![CDATA[2023-03-10 23:14:17 - [TEST_SUITE][PASSED] - TestDataBases: Test Cases/TestDataBases]]></system-out>
      <system-err><![CDATA[]]></system-err>
   </testsuite>
</testsuites>
